This is pdfTeX, Version 3.1415926-2.5-1.40.14 (TeX Live 2013/Debian) (format=pdflatex 2014.5.26)  10 APR 2017 20:04
entering extended mode
 restricted \write18 enabled.
 %&-line parsing enabled.
**"Lab report.tex"
(./Lab report.tex
LaTeX2e <2011/06/27>
Babel <3.9h> and hyphenation patterns for 78 languages loaded.
(/usr/share/texlive/texmf-dist/tex/latex/koma-script/scrartcl.cls
Document Class: scrartcl 2013/12/19 v3.12 KOMA-Script document class (article)
(/usr/share/texlive/texmf-dist/tex/latex/koma-script/scrkbase.sty
Package: scrkbase 2013/12/19 v3.12 KOMA-Script package (KOMA-Script-dependent b
asics and keyval usage)

(/usr/share/texlive/texmf-dist/tex/latex/koma-script/scrbase.sty
Package: scrbase 2013/12/19 v3.12 KOMA-Script package (KOMA-Script-independent 
basics and keyval usage)

(/usr/share/texlive/texmf-dist/tex/latex/graphics/keyval.sty
Package: keyval 1999/03/16 v1.13 key=value parser (DPC)
\KV@toks@=\toks14
)
(/usr/share/texlive/texmf-dist/tex/latex/koma-script/scrlfile.sty
Package: scrlfile 2013/12/19 v3.12 KOMA-Script package (loading files)

Package scrlfile, 2013/12/19 v3.12 KOMA-Script package (loading files)
                  Copyright (C) Markus Kohm

))) (/usr/share/texlive/texmf-dist/tex/latex/koma-script/tocbasic.sty
Package: tocbasic 2013/12/19 v3.12 KOMA-Script package (handling toc-files)
)
Package tocbasic Info: omitting babel extension for `toc'
(tocbasic)             because of feature `nobabel' available
(tocbasic)             for `toc' on input line 115.
Package tocbasic Info: omitting babel extension for `lof'
(tocbasic)             because of feature `nobabel' available
(tocbasic)             for `lof' on input line 116.
Package tocbasic Info: omitting babel extension for `lot'
(tocbasic)             because of feature `nobabel' available
(tocbasic)             for `lot' on input line 117.
Class scrartcl Info: File `scrsize11pt.clo' used instead of
(scrartcl)           file `scrsize11.clo' to setup font sizes on input line 153
1.

(/usr/share/texlive/texmf-dist/tex/latex/koma-script/scrsize11pt.clo
File: scrsize11pt.clo 2013/12/19 v3.12 KOMA-Script font size class option (11pt
)
)
(/usr/share/texlive/texmf-dist/tex/latex/koma-script/typearea.sty
Package: typearea 2013/12/19 v3.12 KOMA-Script package (type area)

Package typearea, 2013/12/19 v3.12 KOMA-Script package (type area)
                  Copyright (C) Frank Neukam, 1992-1994
                  Copyright (C) Markus Kohm, 1994-

\ta@bcor=\skip41
\ta@div=\count79
Package typearea Info: You've used standard option `a4paper'.
(typearea)             This is correct!
(typearea)             Internally I'm using `paper=a4'.
(typearea)             If you'd like to set the option with \KOMAoptions,
(typearea)             you'd have to use `paper=a4' there
(typearea)             instead of `a4paper', too.
\ta@hblk=\skip42
\ta@vblk=\skip43
\ta@temp=\skip44
\footheight=\skip45
Package typearea Info: These are the values describing the layout:
(typearea)             DIV  = 10
(typearea)             BCOR = 0.0pt
(typearea)             \paperwidth      = 597.50793pt
(typearea)              \textwidth      = 418.25555pt
(typearea)              DIV departure   = -6%
(typearea)              \evensidemargin = 17.3562pt
(typearea)              \oddsidemargin  = 17.3562pt
(typearea)             \paperheight     = 845.04694pt
(typearea)              \textheight     = 595.80026pt
(typearea)              \topmargin      = -25.16531pt
(typearea)              \headheight     = 17.0pt
(typearea)              \headsep        = 20.40001pt
(typearea)              \topskip        = 11.0pt
(typearea)              \footskip       = 47.6pt
(typearea)              \baselineskip   = 13.6pt
(typearea)              on input line 1330.
)
\c@part=\count80
\c@section=\count81
\c@subsection=\count82
\c@subsubsection=\count83
\c@paragraph=\count84
\c@subparagraph=\count85
\abovecaptionskip=\skip46
\belowcaptionskip=\skip47
\c@pti@nb@sid@b@x=\box26
\c@figure=\count86
\c@table=\count87
\bibindent=\dimen102
) (/usr/share/texlive/texmf-dist/tex/generic/babel/babel.sty
Package: babel 2013/12/03 3.9h The Babel package

(/usr/share/texlive/texmf-dist/tex/generic/babel-english/english.ldf
Language: english 2012/08/20 v3.3p English support from the babel system

(/usr/share/texlive/texmf-dist/tex/generic/babel/babel.def
File: babel.def 2013/12/03 3.9h Babel common definitions
\babel@savecnt=\count88
\U@D=\dimen103
)
\l@canadian = a dialect from \language\l@american 
\l@australian = a dialect from \language\l@british 
\l@newzealand = a dialect from \language\l@british 
))
(/usr/share/texlive/texmf-dist/tex/latex/base/inputenc.sty
Package: inputenc 2008/03/30 v1.1d Input encoding file
\inpenc@prehook=\toks15
\inpenc@posthook=\toks16

(/usr/share/texlive/texmf-dist/tex/latex/ucs/utf8x.def
File: utf8x.def 2004/10/17 UCS: Input encoding UTF-8
))
(/usr/share/texlive/texmf-dist/tex/latex/ucs/ucs.sty
Package: ucs 2013/05/11 v2.2 UCS: Unicode input support

(/usr/share/texlive/texmf-dist/tex/latex/ucs/data/uni-global.def
File: uni-global.def 2013/05/13 UCS: Unicode global data
)
\uc@secondtry=\count89
\uc@combtoks=\toks17
\uc@combtoksb=\toks18
\uc@temptokena=\toks19
)
(/usr/share/texlive/texmf-dist/tex/latex/geometry/geometry.sty
Package: geometry 2010/09/12 v5.6 Page Geometry

(/usr/share/texlive/texmf-dist/tex/generic/oberdiek/ifpdf.sty
Package: ifpdf 2011/01/30 v2.3 Provides the ifpdf switch (HO)
Package ifpdf Info: pdfTeX in PDF mode is detected.
)
(/usr/share/texlive/texmf-dist/tex/generic/oberdiek/ifvtex.sty
Package: ifvtex 2010/03/01 v1.5 Detect VTeX and its facilities (HO)
Package ifvtex Info: VTeX not detected.
)
(/usr/share/texlive/texmf-dist/tex/generic/ifxetex/ifxetex.sty
Package: ifxetex 2010/09/12 v0.6 Provides ifxetex conditional
)
\Gm@cnth=\count90
\Gm@cntv=\count91
\c@Gm@tempcnt=\count92
\Gm@bindingoffset=\dimen104
\Gm@wd@mp=\dimen105
\Gm@odd@mp=\dimen106
\Gm@even@mp=\dimen107
\Gm@layoutwidth=\dimen108
\Gm@layoutheight=\dimen109
\Gm@layouthoffset=\dimen110
\Gm@layoutvoffset=\dimen111
\Gm@dimlist=\toks20
)
(/usr/share/texlive/texmf-dist/tex/latex/graphics/graphicx.sty
Package: graphicx 1999/02/16 v1.0f Enhanced LaTeX Graphics (DPC,SPQR)

(/usr/share/texlive/texmf-dist/tex/latex/graphics/graphics.sty
Package: graphics 2009/02/05 v1.0o Standard LaTeX Graphics (DPC,SPQR)

(/usr/share/texlive/texmf-dist/tex/latex/graphics/trig.sty
Package: trig 1999/03/16 v1.09 sin cos tan (DPC)
)
(/usr/share/texlive/texmf-dist/tex/latex/latexconfig/graphics.cfg
File: graphics.cfg 2010/04/23 v1.9 graphics configuration of TeX Live
)
Package graphics Info: Driver file: pdftex.def on input line 91.

(/usr/share/texlive/texmf-dist/tex/latex/pdftex-def/pdftex.def
File: pdftex.def 2011/05/27 v0.06d Graphics/color for pdfTeX

(/usr/share/texlive/texmf-dist/tex/generic/oberdiek/infwarerr.sty
Package: infwarerr 2010/04/08 v1.3 Providing info/warning/error messages (HO)
)
(/usr/share/texlive/texmf-dist/tex/generic/oberdiek/ltxcmds.sty
Package: ltxcmds 2011/11/09 v1.22 LaTeX kernel commands for general use (HO)
)
\Gread@gobject=\count93
))
\Gin@req@height=\dimen112
\Gin@req@width=\dimen113
)
(/usr/share/texlive/texmf-dist/tex/latex/hyperref/hyperref.sty
Package: hyperref 2012/11/06 v6.83m Hypertext links for LaTeX

(/usr/share/texlive/texmf-dist/tex/generic/oberdiek/hobsub-hyperref.sty
Package: hobsub-hyperref 2012/05/28 v1.13 Bundle oberdiek, subset hyperref (HO)


(/usr/share/texlive/texmf-dist/tex/generic/oberdiek/hobsub-generic.sty
Package: hobsub-generic 2012/05/28 v1.13 Bundle oberdiek, subset generic (HO)
Package: hobsub 2012/05/28 v1.13 Construct package bundles (HO)
Package hobsub Info: Skipping package `infwarerr' (already loaded).
Package hobsub Info: Skipping package `ltxcmds' (already loaded).
Package: ifluatex 2010/03/01 v1.3 Provides the ifluatex switch (HO)
Package ifluatex Info: LuaTeX not detected.
Package hobsub Info: Skipping package `ifvtex' (already loaded).
Package: intcalc 2007/09/27 v1.1 Expandable calculations with integers (HO)
Package hobsub Info: Skipping package `ifpdf' (already loaded).
Package: etexcmds 2011/02/16 v1.5 Avoid name clashes with e-TeX commands (HO)
Package etexcmds Info: Could not find \expanded.
(etexcmds)             That can mean that you are not using pdfTeX 1.50 or
(etexcmds)             that some package has redefined \expanded.
(etexcmds)             In the latter case, load this package earlier.
Package: kvsetkeys 2012/04/25 v1.16 Key value parser (HO)
Package: kvdefinekeys 2011/04/07 v1.3 Define keys (HO)
Package: pdftexcmds 2011/11/29 v0.20 Utility functions of pdfTeX for LuaTeX (HO
)
Package pdftexcmds Info: LuaTeX not detected.
Package pdftexcmds Info: \pdf@primitive is available.
Package pdftexcmds Info: \pdf@ifprimitive is available.
Package pdftexcmds Info: \pdfdraftmode found.
Package: pdfescape 2011/11/25 v1.13 Implements pdfTeX's escape features (HO)
Package: bigintcalc 2012/04/08 v1.3 Expandable calculations on big integers (HO
)
Package: bitset 2011/01/30 v1.1 Handle bit-vector datatype (HO)
Package: uniquecounter 2011/01/30 v1.2 Provide unlimited unique counter (HO)
)
Package hobsub Info: Skipping package `hobsub' (already loaded).
Package: letltxmacro 2010/09/02 v1.4 Let assignment for LaTeX macros (HO)
Package: hopatch 2012/05/28 v1.2 Wrapper for package hooks (HO)
Package: xcolor-patch 2011/01/30 xcolor patch
Package: atveryend 2011/06/30 v1.8 Hooks at the very end of document (HO)
Package atveryend Info: \enddocument detected (standard20110627).
Package: atbegshi 2011/10/05 v1.16 At begin shipout hook (HO)
Package: refcount 2011/10/16 v3.4 Data extraction from label references (HO)
Package: hycolor 2011/01/30 v1.7 Color options for hyperref/bookmark (HO)
)
(/usr/share/texlive/texmf-dist/tex/latex/oberdiek/auxhook.sty
Package: auxhook 2011/03/04 v1.3 Hooks for auxiliary files (HO)
)
(/usr/share/texlive/texmf-dist/tex/latex/oberdiek/kvoptions.sty
Package: kvoptions 2011/06/30 v3.11 Key value format for package options (HO)
)
\@linkdim=\dimen114
\Hy@linkcounter=\count94
\Hy@pagecounter=\count95

(/usr/share/texlive/texmf-dist/tex/latex/hyperref/pd1enc.def
File: pd1enc.def 2012/11/06 v6.83m Hyperref: PDFDocEncoding definition (HO)
)
\Hy@SavedSpaceFactor=\count96

(/usr/share/texlive/texmf-dist/tex/latex/latexconfig/hyperref.cfg
File: hyperref.cfg 2002/06/06 v1.2 hyperref configuration of TeXLive
)
Package hyperref Info: Option `colorlinks' set `true' on input line 4319.
Package hyperref Info: Hyper figures OFF on input line 4443.
Package hyperref Info: Link nesting OFF on input line 4448.
Package hyperref Info: Hyper index ON on input line 4451.
Package hyperref Info: Plain pages OFF on input line 4458.
Package hyperref Info: Backreferencing OFF on input line 4463.
Package hyperref Info: Implicit mode ON; LaTeX internals redefined.
Package hyperref Info: Bookmarks ON on input line 4688.
\c@Hy@tempcnt=\count97

(/usr/share/texlive/texmf-dist/tex/latex/url/url.sty
\Urlmuskip=\muskip10
Package: url 2013/09/16  ver 3.4  Verb mode for urls, etc.
)
LaTeX Info: Redefining \url on input line 5041.
\XeTeXLinkMargin=\dimen115
\Fld@menulength=\count98
\Field@Width=\dimen116
\Fld@charsize=\dimen117
Package hyperref Info: Hyper figures OFF on input line 6295.
Package hyperref Info: Link nesting OFF on input line 6300.
Package hyperref Info: Hyper index ON on input line 6303.
Package hyperref Info: backreferencing OFF on input line 6310.
Package hyperref Info: Link coloring ON on input line 6313.
Package hyperref Info: Link coloring with OCG OFF on input line 6320.
Package hyperref Info: PDF/A mode OFF on input line 6325.
LaTeX Info: Redefining \ref on input line 6365.
LaTeX Info: Redefining \pageref on input line 6369.
\Hy@abspage=\count99
\c@Item=\count100
\c@Hfootnote=\count101
)

Package hyperref Message: Driver (autodetected): hpdftex.

(/usr/share/texlive/texmf-dist/tex/latex/hyperref/hpdftex.def
File: hpdftex.def 2012/11/06 v6.83m Hyperref driver for pdfTeX
\Fld@listcount=\count102
\c@bookmark@seq@number=\count103

(/usr/share/texlive/texmf-dist/tex/latex/oberdiek/rerunfilecheck.sty
Package: rerunfilecheck 2011/04/15 v1.7 Rerun checks for auxiliary files (HO)
Package uniquecounter Info: New unique counter `rerunfilecheck' on input line 2
82.
)
\Hy@SectionHShift=\skip48
)
(/usr/share/texlive/texmf-dist/tex/latex/caption/caption.sty
Package: caption 2013/05/02 v3.3-89 Customizing captions (AR)

(/usr/share/texlive/texmf-dist/tex/latex/caption/caption3.sty
Package: caption3 2013/05/02 v1.6-88 caption3 kernel (AR)
Package caption3 Info: TeX engine: e-TeX on input line 57.
\captionmargin=\dimen118
\captionmargin@=\dimen119
\captionwidth=\dimen120
\caption@tempdima=\dimen121
\caption@indent=\dimen122
\caption@parindent=\dimen123
\caption@hangindent=\dimen124
)
Package caption Info: KOMA-Script document class.
\c@ContinuedFloat=\count104
Package caption Info: hyperref package is loaded.
)
(build/Lab report.aux)
\openout1 = `"Lab report.aux"'.

LaTeX Font Info:    Checking defaults for OML/cmm/m/it on input line 21.
LaTeX Font Info:    ... okay on input line 21.
LaTeX Font Info:    Checking defaults for T1/cmr/m/n on input line 21.
LaTeX Font Info:    ... okay on input line 21.
LaTeX Font Info:    Checking defaults for OT1/cmr/m/n on input line 21.
LaTeX Font Info:    ... okay on input line 21.
LaTeX Font Info:    Checking defaults for OMS/cmsy/m/n on input line 21.
LaTeX Font Info:    ... okay on input line 21.
LaTeX Font Info:    Checking defaults for OMX/cmex/m/n on input line 21.
LaTeX Font Info:    ... okay on input line 21.
LaTeX Font Info:    Checking defaults for U/cmr/m/n on input line 21.
LaTeX Font Info:    ... okay on input line 21.
LaTeX Font Info:    Checking defaults for PD1/pdf/m/n on input line 21.
LaTeX Font Info:    ... okay on input line 21.
 (/usr/share/texlive/texmf-dist/tex/latex/ucs/ucsencs.def
File: ucsencs.def 2011/01/21 Fixes to fontencodings LGR, T3
)
*geometry* driver: auto-detecting
*geometry* detected driver: pdftex
*geometry* verbose mode - [ preamble ] result:
* driver: pdftex
* paper: a4paper
* layout: <same size as paper>
* layoutoffset:(h,v)=(0.0pt,0.0pt)
* modes: 
* h-part:(L,W,R)=(54.06006pt, 495.07823pt, 48.36958pt)
* v-part:(T,H,B)=(56.9055pt, 702.78308pt, 85.35826pt)
* \paperwidth=597.50787pt
* \paperheight=845.04684pt
* \textwidth=495.07823pt
* \textheight=702.78308pt
* \oddsidemargin=-18.20993pt
* \evensidemargin=-18.20993pt
* \topmargin=-52.7645pt
* \headheight=17.0pt
* \headsep=20.40001pt
* \topskip=11.0pt
* \footskip=47.6pt
* \marginparwidth=59.7508pt
* \marginparsep=12.8401pt
* \columnsep=10.0pt
* \skip\footins=10.0pt plus 4.0pt minus 2.0pt
* \hoffset=0.0pt
* \voffset=0.0pt
* \mag=1000
* \@twocolumnfalse
* \@twosidefalse
* \@mparswitchfalse
* \@reversemarginfalse
* (1in=72.27pt=25.4mm, 1cm=28.453pt)

(/usr/share/texlive/texmf-dist/tex/context/base/supp-pdf.mkii
[Loading MPS to PDF converter (version 2006.09.02).]
\scratchcounter=\count105
\scratchdimen=\dimen125
\scratchbox=\box27
\nofMPsegments=\count106
\nofMParguments=\count107
\everyMPshowfont=\toks21
\MPscratchCnt=\count108
\MPscratchDim=\dimen126
\MPnumerator=\count109
\makeMPintoPDFobject=\count110
\everyMPtoPDFconversion=\toks22
) (/usr/share/texlive/texmf-dist/tex/latex/oberdiek/epstopdf-base.sty
Package: epstopdf-base 2010/02/09 v2.5 Base part for package epstopdf

(/usr/share/texlive/texmf-dist/tex/latex/oberdiek/grfext.sty
Package: grfext 2010/08/19 v1.1 Manage graphics extensions (HO)
)
Package grfext Info: Graphics extension search list:
(grfext)             [.png,.pdf,.jpg,.mps,.jpeg,.jbig2,.jb2,.PNG,.PDF,.JPG,.JPE
G,.JBIG2,.JB2,.eps]
(grfext)             \AppendGraphicsExtensions on input line 452.

(/usr/share/texlive/texmf-dist/tex/latex/latexconfig/epstopdf-sys.cfg
File: epstopdf-sys.cfg 2010/07/13 v1.3 Configuration of (r)epstopdf for TeX Liv
e
))
\AtBeginShipoutBox=\box28

(/usr/share/texlive/texmf-dist/tex/latex/graphics/color.sty
Package: color 2005/11/14 v1.0j Standard LaTeX Color (DPC)

(/usr/share/texlive/texmf-dist/tex/latex/latexconfig/color.cfg
File: color.cfg 2007/01/18 v1.5 color configuration of teTeX/TeXLive
)
Package color Info: Driver file: pdftex.def on input line 130.
)
Package hyperref Info: Link coloring ON on input line 21.

(/usr/share/texlive/texmf-dist/tex/latex/hyperref/nameref.sty
Package: nameref 2012/10/27 v2.43 Cross-referencing by name of section

(/usr/share/texlive/texmf-dist/tex/generic/oberdiek/gettitlestring.sty
Package: gettitlestring 2010/12/03 v1.4 Cleanup title references (HO)
)
\c@section@level=\count111
)
LaTeX Info: Redefining \ref on input line 21.
LaTeX Info: Redefining \pageref on input line 21.
LaTeX Info: Redefining \nameref on input line 21.

(build/Lab report.out) (build/Lab report.out)
\@outlinefile=\write3
\openout3 = `"Lab report.out"'.

Package caption Info: Begin \AtBeginDocument code.
Package caption Info: End \AtBeginDocument code.
LaTeX Font Info:    External font `cmex10' loaded for size
(Font)              <14.4> on input line 27.
LaTeX Font Info:    External font `cmex10' loaded for size
(Font)              <7> on input line 27.
LaTeX Font Info:    External font `cmex10' loaded for size
(Font)              <10.95> on input line 30.
LaTeX Font Info:    External font `cmex10' loaded for size
(Font)              <8> on input line 30.
LaTeX Font Info:    External font `cmex10' loaded for size
(Font)              <6> on input line 30.

Overfull \hbox (0.1702pt too wide) in paragraph at lines 30--31
\OT1/cmr/m/n/10.95 sult-ing in a syn-chro-nized lin-ear phase gra-di-ent from
 []

<fig/figure7a-swim.png, id=26, 578.16pt x 433.62pt>
File: fig/figure7a-swim.png Graphic file (type png)

<use fig/figure7a-swim.png>
Package pdftex.def Info: fig/figure7a-swim.png used on input line 35.
(pdftex.def)             Requested size: 247.53911pt x 185.65236pt.

Overfull \hbox (7.11317pt too wide) in paragraph at lines 35--36
[][] 
 []


LaTeX Warning: `!h' float specifier changed to `!ht'.

<fig/figure7a-walk.png, id=27, 578.16pt x 433.62pt>
File: fig/figure7a-walk.png Graphic file (type png)

<use fig/figure7a-walk.png>
Package pdftex.def Info: fig/figure7a-walk.png used on input line 41.
(pdftex.def)             Requested size: 247.53911pt x 185.65236pt.

Overfull \hbox (7.11317pt too wide) in paragraph at lines 41--42
[][] 
 []


LaTeX Warning: `!h' float specifier changed to `!ht'.

<fig/figure7a-drivegradient.png, id=28, 578.16pt x 433.62pt>
File: fig/figure7a-drivegradient.png Graphic file (type png)

<use fig/figure7a-drivegradient.png>
Package pdftex.def Info: fig/figure7a-drivegradient.png used on input line 47.
(pdftex.def)             Requested size: 247.53911pt x 185.65236pt.

Overfull \hbox (7.11317pt too wide) in paragraph at lines 47--48
[][] 
 []


LaTeX Warning: `!h' float specifier changed to `!ht'.


LaTeX Warning: Text page 1 contains only floats.

[1

{/var/lib/texmf/fonts/map/pdftex/updmap/pdftex.map}




 <./fig/figure7a-swim.png (PNG copy)> <./fig/figure7a-walk.png (PNG copy)>]
<fig/figure7a-frequency-drive-dependence.png, id=45, 578.16pt x 433.62pt>
File: fig/figure7a-frequency-drive-dependence.png Graphic file (type png)

<use fig/figure7a-frequency-drive-dependence.png>
Package pdftex.def Info: fig/figure7a-frequency-drive-dependence.png used on in
put line 55.
(pdftex.def)             Requested size: 247.53911pt x 185.65236pt.

Overfull \hbox (7.11317pt too wide) in paragraph at lines 55--56
[][] 
 []

[2 <./fig/figure7a-drivegradient.png (PNG copy)> <./fig/figure7a-frequency-driv
e-dependence.png (PNG copy)>]
<fig/figure7b_drive-increasing-gaussian-swim.png, id=54, 429.2838pt x 317.5062p
t>
File: fig/figure7b_drive-increasing-gaussian-swim.png Graphic file (type png)
 <use fig/figure7b_drive-increasing-gaussian-swim.png>
Package pdftex.def Info: fig/figure7b_drive-increasing-gaussian-swim.png used o
n input line 67.
(pdftex.def)             Requested size: 247.53911pt x 183.08302pt.

<fig/figure7b_drive-increasing-gaussian-walk.png, id=55, 530.73282pt x 417.0581
2pt>
File: fig/figure7b_drive-increasing-gaussian-walk.png Graphic file (type png)
 <use fig/figure7b_drive-increasing-gaussian-walk.png>
Package pdftex.def Info: fig/figure7b_drive-increasing-gaussian-walk.png used o
n input line 69.
(pdftex.def)             Requested size: 247.53911pt x 194.52185pt.

Overfull \hbox (7.11317pt too wide) in paragraph at lines 67--70
[][]
 []


Overfull \hbox (7.11317pt too wide) in paragraph at lines 67--70
[] 
 []

<fig/figure7b_axialphase-swim.png, id=56, 789.6702pt x 673.5564pt>
File: fig/figure7b_axialphase-swim.png Graphic file (type png)

<use fig/figure7b_axialphase-swim.png>
Package pdftex.def Info: fig/figure7b_axialphase-swim.png used on input line 82
.
(pdftex.def)             Requested size: 247.53911pt x 211.14362pt.

<fig/figure7b_axialphase-walk.png, id=57, 797.379pt x 675.4836pt>
File: fig/figure7b_axialphase-walk.png Graphic file (type png)

<use fig/figure7b_axialphase-walk.png>
Package pdftex.def Info: fig/figure7b_axialphase-walk.png used on input line 84
.
(pdftex.def)             Requested size: 247.53911pt x 209.69666pt.

Overfull \hbox (7.11317pt too wide) in paragraph at lines 82--85
[][]
 []


Overfull \hbox (7.11317pt too wide) in paragraph at lines 82--85
[] 
 []

[3 <./fig/figure7b_drive-increasing-gaussian-swim.png (PNG copy)> <./fig/figure
7b_drive-increasing-gaussian-walk.png (PNG copy)> <./fig/figure7b_axialphase-sw
im.png (PNG copy)> <./fig/figure7b_axialphase-walk.png (PNG copy)>]
<fig/figure7b_limbphase.png, id=65, 789.6702pt x 673.5564pt>
File: fig/figure7b_limbphase.png Graphic file (type png)

<use fig/figure7b_limbphase.png>
Package pdftex.def Info: fig/figure7b_limbphase.png used on input line 96.
(pdftex.def)             Requested size: 247.53911pt x 211.14362pt.

Overfull \hbox (7.11317pt too wide) in paragraph at lines 96--97
[][] 
 []

<fig/figure7b_allphase-swim.png, id=67, 789.6702pt x 673.5564pt>
File: fig/figure7b_allphase-swim.png Graphic file (type png)

<use fig/figure7b_allphase-swim.png>
Package pdftex.def Info: fig/figure7b_allphase-swim.png used on input line 104.

(pdftex.def)             Requested size: 247.53911pt x 211.14362pt.

<fig/figure7b_allphase-walk.png, id=68, 797.379pt x 675.4836pt>
File: fig/figure7b_allphase-walk.png Graphic file (type png)

<use fig/figure7b_allphase-walk.png>
Package pdftex.def Info: fig/figure7b_allphase-walk.png used on input line 105.

(pdftex.def)             Requested size: 247.53911pt x 209.69666pt.

Overfull \hbox (7.11317pt too wide) in paragraph at lines 104--106
[][]
 []


Overfull \hbox (7.11317pt too wide) in paragraph at lines 104--106
[] 
 []


Overfull \hbox (3.18143pt too wide) in paragraph at lines 111--113
\OT1/cmr/m/n/10.95 and less smooth os-cil-la-tion that how-ever main-tained
 []

[4 <./fig/figure7b_limbphase.png (PNG copy)> <./fig/figure7b_allphase-swim.png 
(PNG copy)> <./fig/figure7b_allphase-walk.png (PNG copy)>]
<fig/figure7c_axial-coupling.png, id=75, 752.8125pt x 724.20563pt>
File: fig/figure7c_axial-coupling.png Graphic file (type png)

<use fig/figure7c_axial-coupling.png>
Package pdftex.def Info: fig/figure7c_axial-coupling.png used on input line 120
.
(pdftex.def)             Requested size: 297.04996pt x 285.76524pt.

Overfull \hbox (30.60461pt too wide) in paragraph at lines 119--121
[]|  [] 
 []

<fig/figure7c_limbaxial-coupling.png, id=78, 429.10312pt x 572.1375pt>
File: fig/figure7c_limbaxial-coupling.png Graphic file (type png)

<use fig/figure7c_limbaxial-coupling.png>
Package pdftex.def Info: fig/figure7c_limbaxial-coupling.png used on input line
 132.
(pdftex.def)             Requested size: 247.53911pt x 330.05031pt.

Overfull \hbox (7.11317pt too wide) in paragraph at lines 132--134
[][]
 []

<fig/figure7c_limb-coupling.png, id=79, 429.10312pt x 462.97969pt>
File: fig/figure7c_limb-coupling.png Graphic file (type png)

<use fig/figure7c_limb-coupling.png>
Package pdftex.def Info: fig/figure7c_limb-coupling.png used on input line 139.

(pdftex.def)             Requested size: 247.53911pt x 267.08017pt.

Overfull \hbox (7.11317pt too wide) in paragraph at lines 139--141
[][]
 []


LaTeX Warning: `!h' float specifier changed to `!ht'.

<fig/figure7c_axialfreq.png, id=80, 1436.36626pt x 709.14937pt>
File: fig/figure7c_axialfreq.png Graphic file (type png)

<use fig/figure7c_axialfreq.png>
Package pdftex.def Info: fig/figure7c_axialfreq.png used on input line 150.
(pdftex.def)             Requested size: 495.07823pt x 244.41873pt.


! LaTeX Error: \begin{figure*} on input line 148 ended by \end{figure}.

See the LaTeX manual or LaTeX Companion for explanation.
Type  H <return>  for immediate help.
 ...                                              
                                                  
l.153 \end{figure}
                  
Your command was ignored.
Type  I <command> <return>  to replace it with another command,
or  <return>  to continue without it.

[5 <./fig/figure7c_axial-coupling.png (PNG copy)> <./fig/figure7c_limbaxial-cou
pling.png (PNG copy)>] [6 <./fig/figure7c_limb-coupling.png (PNG copy)> <./fig/
figure7c_axialfreq.png (PNG copy)>]
<fig/figure7c_left-right-coupling.png, id=96, 1133.73563pt x 472.01344pt>
File: fig/figure7c_left-right-coupling.png Graphic file (type png)

<use fig/figure7c_left-right-coupling.png>
Package pdftex.def Info: fig/figure7c_left-right-coupling.png used on input lin
e 175.
(pdftex.def)             Requested size: 495.07823pt x 206.11644pt.


! LaTeX Error: \begin{figure*} on input line 173 ended by \end{figure}.

See the LaTeX manual or LaTeX Companion for explanation.
Type  H <return>  for immediate help.
 ...                                              
                                                  
l.178 \end{figure}
                  
Your command was ignored.
Type  I <command> <return>  to replace it with another command,
or  <return>  to continue without it.

[7

 <./fig/figure7c_left-right-coupling.png (PNG copy)>]
! Too many }'s.
l.192 }
       
You've closed more groups than you opened.
Such booboos are generally harmless, so keep going.

Package atveryend Info: Empty hook `BeforeClearDocument' on input line 195.
Package atveryend Info: Empty hook `AfterLastShipout' on input line 195.
[8

] (build/Lab report.aux)
Package atveryend Info: Executing hook `AtVeryEndDocument' on input line 195.
Package atveryend Info: Executing hook `AtEndAfterFileList' on input line 195.
Package rerunfilecheck Info: File `"Lab report".out' has not changed.
(rerunfilecheck)             Checksum: <no file>.
Package atveryend Info: Empty hook `AtVeryVeryEnd' on input line 195.
 ) 
Here is how much of TeX's memory you used:
 8581 strings out of 493304
 137295 string characters out of 6139871
 292374 words of memory out of 5000000
 11916 multiletter control sequences out of 15000+600000
 8773 words of font info for 31 fonts, out of 8000000 for 9000
 957 hyphenation exceptions out of 8191
 40i,8n,51p,2345b,413s stack positions out of 5000i,500n,10000p,200000b,80000s
</usr/share/texlive/texmf-dist/fonts/type1/public/amsfonts/cm/cmmi10.pfb></us
r/share/texlive/texmf-dist/fonts/type1/public/amsfonts/cm/cmr10.pfb></usr/share
/texlive/texmf-dist/fonts/type1/public/amsfonts/cm/cmr12.pfb></usr/share/texliv
e/texmf-dist/fonts/type1/public/amsfonts/cm/cmssbx10.pfb>
Output written on "build/Lab report.pdf" (8 pages, 2018760 bytes).
PDF statistics:
 130 PDF objects out of 1000 (max. 8388607)
 99 compressed objects within 1 object stream
 27 named destinations out of 1000 (max. 500000)
 121 words of extra memory for PDF output out of 10000 (max. 10000000)

